<?xml version="1.0" encoding="UTF-8"?>
<!-- Generated by org.testng.reporters.JUnitReportReporter -->
<testsuite skipped="0" hostname="BLT132" name="Maven_OrangeHRM_Examples.Maven_OrangeHRM_Examples" tests="1" failures="0" timestamp="18 Feb 2020 08:09:17 GMT" time="25.687" errors="0">
  <testcase name="Logout" time="25.687" classname="Maven_OrangeHRM_Examples.Maven_OrangeHRM_Examples"/>
</testsuite> <!-- Maven_OrangeHRM_Examples.Maven_OrangeHRM_Examples -->
