<?xml version="1.0" encoding="UTF-8"?>
<!-- Generated by org.testng.reporters.JUnitReportReporter -->
<testsuite skipped="0" hostname="BLT132" name="Test_Cases.OrangeHRM_TestCase" tests="1" failures="0" timestamp="19 Feb 2020 12:26:05 GMT" time="2.646" errors="0">
  <testcase name="login" time="2.646" classname="Test_Cases.OrangeHRM_TestCase"/>
</testsuite> <!-- Test_Cases.OrangeHRM_TestCase -->
