<?xml version="1.0" encoding="UTF-8"?>
<!-- Generated by org.testng.reporters.JUnitReportReporter -->
<testsuite name="Demointernetexplorer.Launchinginternetexplorer" tests="1" time="6.647" ignored="0" failures="0" timestamp="04 Feb 2020 07:56:57 GMT" skipped="0" hostname="BLT132" errors="0">
  <testcase name="Internetexploreropen" time="6.647" classname="Demointernetexplorer.Launchinginternetexplorer"/>
</testsuite> <!-- Demointernetexplorer.Launchinginternetexplorer -->
