<?xml version="1.0" encoding="UTF-8"?>
<!-- Generated by org.testng.reporters.JUnitReportReporter -->
<testsuite name="Demointernetexplorer.Jnkns" tests="3" time="52.469" ignored="0" failures="0" timestamp="04 Feb 2020 07:56:57 GMT" skipped="0" hostname="BLT132" errors="0">
  <testcase name="Firefoxbrowseropen" time="27.098" classname="Demointernetexplorer.Jnkns"/>
  <testcase name="Internetexploreropen" time="3.689" classname="Demointernetexplorer.Jnkns"/>
  <testcase name="Chromebrowseropen" time="21.682" classname="Demointernetexplorer.Jnkns"/>
</testsuite> <!-- Demointernetexplorer.Jnkns -->
