<?xml version="1.0" encoding="UTF-8"?>
<!-- Generated by org.testng.reporters.JUnitReportReporter -->
<testsuite skipped="0" hostname="BLT132" name="TestNG_Demo.TestNG_Data_provider" tests="3" failures="0" timestamp="05 Mar 2020 04:21:38 GMT" time="46.868" errors="0">
  <testcase name="login" time="18.382" classname="TestNG_Demo.TestNG_Data_provider"/>
  <testcase name="login" time="18.850" classname="TestNG_Demo.TestNG_Data_provider"/>
  <testcase name="login" time="9.636" classname="TestNG_Demo.TestNG_Data_provider"/>
</testsuite> <!-- TestNG_Demo.TestNG_Data_provider -->
