<?xml version="1.0" encoding="UTF-8"?>
<!-- Generated by org.testng.reporters.JUnitReportReporter -->
<testsuite skipped="0" hostname="BLT132" name="TestNG_Demo.Priority_TestCase" tests="3" failures="0" timestamp="18 Feb 2020 03:58:22 GMT" time="0.075" errors="0">
  <testcase name="testCase3" time="0.018" classname="TestNG_Demo.Priority_TestCase"/>
  <testcase name="testCase1" time="0.002" classname="TestNG_Demo.Priority_TestCase"/>
  <testcase name="testCase2" time="0.055" classname="TestNG_Demo.Priority_TestCase"/>
</testsuite> <!-- TestNG_Demo.Priority_TestCase -->
