<?xml version="1.0" encoding="UTF-8"?>
<!-- Generated by org.testng.reporters.JUnitReportReporter -->
<testsuite skipped="0" hostname="BLT132" name="TestNG_Demo.Sample_Problem" tests="3" failures="0" timestamp="21 Feb 2020 05:33:48 GMT" time="0.015" errors="0">
  <testcase name="TestCase1" time="0.009" classname="TestNG_Demo.Sample_Problem"/>
  <testcase name="TestCase2" time="0.005" classname="TestNG_Demo.Sample_Problem"/>
  <testcase name="TestCase3" time="0.001" classname="TestNG_Demo.Sample_Problem"/>
</testsuite> <!-- TestNG_Demo.Sample_Problem -->
