<?xml version="1.0" encoding="UTF-8"?>
<!-- Generated by org.testng.reporters.JUnitReportReporter -->
<testsuite skipped="0" hostname="BLT132" name="TestNG_Demo.Depends_On_Group" tests="3" failures="0" timestamp="18 Feb 2020 08:40:02 GMT" time="0.020" errors="0">
  <testcase name="Logout" time="0.002" classname="TestNG_Demo.Depends_On_Group"/>
  <testcase name="Login" time="0.016" classname="TestNG_Demo.Depends_On_Group"/>
  <testcase name="Search" time="0.002" classname="TestNG_Demo.Depends_On_Group"/>
</testsuite> <!-- TestNG_Demo.Depends_On_Group -->
