<?xml version="1.0" encoding="UTF-8"?>
<!-- Generated by org.testng.reporters.JUnitReportReporter -->
<testsuite skipped="0" hostname="BLT132" name="Maven_Demo.Junit_Demo" tests="3" failures="0" timestamp="26 Feb 2020 09:33:39 GMT" time="0.016" errors="0">
  <testcase name="testCase1" time="0.016" classname="Maven_Demo.Junit_Demo"/>
  <testcase name="testCase3" time="0.000" classname="Maven_Demo.Junit_Demo"/>
  <testcase name="testCase2" time="0.000" classname="Maven_Demo.Junit_Demo"/>
</testsuite> <!-- Maven_Demo.Junit_Demo -->
