<?xml version="1.0" encoding="UTF-8"?>
<!-- Generated by org.testng.reporters.JUnitReportReporter -->
<testsuite skipped="0" hostname="BLT132" name="TestNG_Demo.Parellel_Execution" tests="3" failures="0" timestamp="17 Feb 2020 11:05:11 GMT" time="0.021" errors="0">
  <testcase name="testCase3" time="0.001" classname="TestNG_Demo.Parellel_Execution"/>
  <testcase name="testCase1" time="0.018" classname="TestNG_Demo.Parellel_Execution"/>
  <testcase name="testCase2" time="0.002" classname="TestNG_Demo.Parellel_Execution"/>
</testsuite> <!-- TestNG_Demo.Parellel_Execution -->
