<?xml version="1.0" encoding="UTF-8"?>
<!-- Generated by org.testng.reporters.JUnitReportReporter -->
<testsuite skipped="0" hostname="BLT132" name="Launchfirefox.Firefox" tests="1" failures="0" timestamp="11 Feb 2020 09:34:33 GMT" time="16.177" errors="0">
  <testcase name="Firefoxbrowseropen" time="16.177" classname="Launchfirefox.Firefox"/>
</testsuite> <!-- Launchfirefox.Firefox -->
