<?xml version="1.0" encoding="UTF-8"?>
<!-- Generated by org.testng.reporters.JUnitReportReporter -->
<testsuite skipped="0" hostname="BLT132" name="Webdriverdemo.ChromeBrowser" tests="1" failures="0" timestamp="01 Feb 2020 07:00:47 GMT" time="45.746" errors="0">
  <testcase name="ChromebrowserOpen" time="45.746" classname="Webdriverdemo.ChromeBrowser"/>
</testsuite> <!-- Webdriverdemo.ChromeBrowser -->
